2024-07-22 03:51:19 INFO  com.kaan.deneme.DenemeApplication - Starting DenemeApplication using Java 22.0.1 with PID 5725 (/home/kaan/NetBeansProjects/InitializrSpringbootProject/target/classes started by kaan in /home/kaan/NetBeansProjects/InitializrSpringbootProject)
2024-07-22 03:51:19 INFO  com.kaan.deneme.DenemeApplication - No active profile set, falling back to 1 default profile: "default"
2024-07-22 03:51:19 INFO  o.s.b.d.e.DevToolsPropertyDefaultsPostProcessor - Devtools property defaults active! Set 'spring.devtools.add-properties' to 'false' to disable
2024-07-22 03:51:19 INFO  o.s.b.d.e.DevToolsPropertyDefaultsPostProcessor - For additional web related logging consider setting the 'logging.level.web' property to 'DEBUG'
2024-07-22 03:51:20 INFO  o.s.d.r.c.RepositoryConfigurationDelegate - Bootstrapping Spring Data JPA repositories in DEFAULT mode.
2024-07-22 03:51:20 INFO  o.s.d.r.c.RepositoryConfigurationDelegate - Finished Spring Data repository scanning in 131 ms. Found 10 JPA repository interfaces.
2024-07-22 03:51:21 INFO  o.s.b.w.e.tomcat.TomcatWebServer - Tomcat initialized with port 8080 (http)
2024-07-22 03:51:21 INFO  o.a.coyote.http11.Http11NioProtocol - Initializing ProtocolHandler ["http-nio-8080"]
2024-07-22 03:51:21 INFO  o.a.catalina.core.StandardService - Starting service [Tomcat]
2024-07-22 03:51:21 INFO  o.a.catalina.core.StandardEngine - Starting Servlet engine: [Apache Tomcat/10.1.24]
2024-07-22 03:51:21 INFO  o.a.c.c.C.[Tomcat].[localhost].[/] - Initializing Spring embedded WebApplicationContext
2024-07-22 03:51:21 INFO  o.s.b.w.s.c.ServletWebServerApplicationContext - Root WebApplicationContext: initialization completed in 2065 ms
2024-07-22 03:51:21 INFO  o.h.jpa.internal.util.LogHelper - HHH000204: Processing PersistenceUnitInfo [name: default]
2024-07-22 03:51:21 INFO  org.hibernate.Version - HHH000412: Hibernate ORM core version 6.5.2.Final
2024-07-22 03:51:21 INFO  o.h.c.i.RegionFactoryInitiator - HHH000026: Second-level cache disabled
2024-07-22 03:51:21 INFO  o.s.o.j.p.SpringPersistenceUnitInfo - No LoadTimeWeaver setup: ignoring JPA class transformer
2024-07-22 03:51:21 INFO  com.zaxxer.hikari.HikariDataSource - HikariPool-1 - Starting...
2024-07-22 03:51:22 INFO  com.zaxxer.hikari.pool.HikariPool - HikariPool-1 - Added connection com.mysql.cj.jdbc.ConnectionImpl@2532c0c4
2024-07-22 03:51:22 INFO  com.zaxxer.hikari.HikariDataSource - HikariPool-1 - Start completed.
2024-07-22 03:51:23 INFO  o.h.e.t.j.p.i.JtaPlatformInitiator - HHH000489: No JTA platform available (set 'hibernate.transaction.jta.platform' to enable JTA platform integration)
2024-07-22 03:51:24 INFO  o.s.o.j.LocalContainerEntityManagerFactoryBean - Initialized JPA EntityManagerFactory for persistence unit 'default'
2024-07-22 03:51:24 INFO  o.s.d.j.r.query.QueryEnhancerFactory - Hibernate is in classpath; If applicable, HQL parser will be used.
2024-07-22 03:51:25 INFO  o.s.s.c.a.a.c.InitializeAuthenticationProviderBeanManagerConfigurer$InitializeAuthenticationProviderManagerConfigurer - Found 2 AuthenticationProvider beans, with names [jwtAuthenticationProvider, authenticationProvider]. Global Authentication Manager will not be configured with AuthenticationProviders. Consider publishing a single AuthenticationProvider bean, or wiring your Providers directly using the DSL.
2024-07-22 03:51:25 INFO  o.s.s.c.a.a.c.InitializeUserDetailsBeanManagerConfigurer$InitializeUserDetailsManagerConfigurer - Global AuthenticationManager configured with UserDetailsService bean with name userCredentialsService
2024-07-22 03:51:26 INFO  o.s.s.web.DefaultSecurityFilterChain - Will secure any request with [org.springframework.security.web.session.DisableEncodeUrlFilter@502f9216, org.springframework.security.web.context.request.async.WebAsyncManagerIntegrationFilter@79530657, org.springframework.security.web.context.SecurityContextHolderFilter@1a031048, org.springframework.security.web.header.HeaderWriterFilter@67150304, org.springframework.web.filter.CorsFilter@7f4feb9f, org.springframework.security.web.authentication.logout.LogoutFilter@2216fb84, com.kaan.deneme.config.AuthenticationFilter@5b87621d, org.springframework.security.web.authentication.UsernamePasswordAuthenticationFilter@53dab80a, org.springframework.security.web.authentication.ui.DefaultLoginPageGeneratingFilter@420caa6c, org.springframework.security.web.authentication.ui.DefaultLogoutPageGeneratingFilter@b29dc21, org.springframework.security.web.savedrequest.RequestCacheAwareFilter@3bbfab02, org.springframework.security.web.servletapi.SecurityContextHolderAwareRequestFilter@30117dc9, org.springframework.security.web.authentication.AnonymousAuthenticationFilter@273a5070, org.springframework.security.web.session.SessionManagementFilter@16ec029e, org.springframework.security.web.access.ExceptionTranslationFilter@63f53781, org.springframework.security.web.access.intercept.AuthorizationFilter@6049239f]
2024-07-22 03:51:26 INFO  o.s.b.d.a.OptionalLiveReloadServer - LiveReload server is running on port 35729
2024-07-22 03:51:26 INFO  o.a.coyote.http11.Http11NioProtocol - Starting ProtocolHandler ["http-nio-8080"]
2024-07-22 03:51:26 INFO  o.s.b.w.e.tomcat.TomcatWebServer - Tomcat started on port 8080 (http) with context path '/'
2024-07-22 03:51:26 INFO  com.kaan.deneme.DenemeApplication - Started DenemeApplication in 8.107 seconds (process running for 8.873)
2024-07-22 03:51:27 INFO  o.a.c.c.C.[Tomcat].[localhost].[/] - Initializing Spring DispatcherServlet 'dispatcherServlet'
2024-07-22 03:51:27 INFO  o.s.web.servlet.DispatcherServlet - Initializing Servlet 'dispatcherServlet'
2024-07-22 03:51:27 INFO  o.s.web.servlet.DispatcherServlet - Completed initialization in 2 ms
2024-07-22 03:51:33 INFO  c.k.d.c.JwtAuthenticationSuccessHandler - Customer with the username musteri has logged in.
Ip : 127.0.0.1
2024-07-22 03:51:46 INFO  c.k.d.c.CustomLogoutSuccessHandler - Person with username musteri has logged out.
Ip : 127.0.0.1
2024-07-22 03:52:17 INFO  o.s.o.j.LocalContainerEntityManagerFactoryBean - Closing JPA EntityManagerFactory for persistence unit 'default'
2024-07-22 03:52:17 INFO  com.zaxxer.hikari.HikariDataSource - HikariPool-1 - Shutdown initiated...
2024-07-22 03:52:17 INFO  com.zaxxer.hikari.HikariDataSource - HikariPool-1 - Shutdown completed.
